Using pre-set license
Built from '2021.3/staging' branch; Version is '2021.3.15f1 (e8e88683f834) revision 15263878'; Using compiler version '192829333'; Build Type 'Release'
OS: 'Windows 10  (10.0.19045) 64bit Professional' Language: 'tr' Physical Memory: 16253 MB
BatchMode: 1, IsHumanControllingUs: 0, StartBugReporterOnCrash: 0, Is64bit: 1, IsPro: 1

COMMAND LINE ARGUMENTS:
C:\Program Files\Unity\Hub\Editor\2021.3.15f1\Editor\Unity.exe
-adb2
-batchMode
-noUpm
-name
AssetImportWorker2
-projectPath
C:/Users/Term 1/Desktop/Barbarian_Case/Barbarian_Case
-logFile
Logs/AssetImportWorker2.log
-srvPort
61903
Successfully changed project path to: C:/Users/Term 1/Desktop/Barbarian_Case/Barbarian_Case
C:/Users/Term 1/Desktop/Barbarian_Case/Barbarian_Case
[UnityMemory] Configuration Parameters - Can be set up in boot.config
    "memorysetup-bucket-allocator-granularity=16"
    "memorysetup-bucket-allocator-bucket-count=8"
    "memorysetup-bucket-allocator-block-size=33554432"
    "memorysetup-bucket-allocator-block-count=8"
    "memorysetup-main-allocator-block-size=16777216"
    "memorysetup-thread-allocator-block-size=16777216"
    "memorysetup-gfx-main-allocator-block-size=16777216"
    "memorysetup-gfx-thread-allocator-block-size=16777216"
    "memorysetup-cache-allocator-block-size=4194304"
    "memorysetup-typetree-allocator-block-size=2097152"
    "memorysetup-profiler-bucket-allocator-granularity=16"
    "memorysetup-profiler-bucket-allocator-bucket-count=8"
    "memorysetup-profiler-bucket-allocator-block-size=33554432"
    "memorysetup-profiler-bucket-allocator-block-count=8"
    "memorysetup-profiler-allocator-block-size=16777216"
    "memorysetup-profiler-editor-allocator-block-size=1048576"
    "memorysetup-temp-allocator-size-main=16777216"
    "memorysetup-job-temp-allocator-block-size=2097152"
    "memorysetup-job-temp-allocator-block-size-background=1048576"
    "memorysetup-job-temp-allocator-reduction-small-platforms=262144"
    "memorysetup-temp-allocator-size-background-worker=32768"
    "memorysetup-temp-allocator-size-job-worker=262144"
    "memorysetup-temp-allocator-size-preload-manager=33554432"
    "memorysetup-temp-allocator-size-nav-mesh-worker=65536"
    "memorysetup-temp-allocator-size-audio-worker=65536"
    "memorysetup-temp-allocator-size-cloud-worker=32768"
    "memorysetup-temp-allocator-size-gi-baking-worker=262144"
    "memorysetup-temp-allocator-size-gfx=262144"
Player connection [15064] Host "[IP] 192.168.1.213 [Port] 0 [Flags] 2 [Guid] 3014212356 [EditorId] 3014212356 [Version] 1048832 [Id] WindowsEditor(7,Term1) [Debug] 1 [PackageName] WindowsEditor [ProjectName] Editor" joined multi-casting on [225.0.0.222:54997]...

Player connection [15064] Host "[IP] 192.168.1.213 [Port] 0 [Flags] 2 [Guid] 3014212356 [EditorId] 3014212356 [Version] 1048832 [Id] WindowsEditor(7,Term1) [Debug] 1 [PackageName] WindowsEditor [ProjectName] Editor" joined alternative multi-casting on [225.0.0.222:34997]...

Refreshing native plugins compatible for Editor in 69.67 ms, found 3 plugins.
Preloading 0 native plugins for Editor in 0.00 ms.
Initialize engine version: 2021.3.15f1 (e8e88683f834)
[Subsystems] Discovering subsystems at path C:/Program Files/Unity/Hub/Editor/2021.3.15f1/Editor/Data/Resources/UnitySubsystems
[Subsystems] Discovering subsystems at path C:/Users/Term 1/Desktop/Barbarian_Case/Barbarian_Case/Assets
GfxDevice: creating device client; threaded=0; jobified=0
Direct3D:
    Version:  Direct3D 11.0 [level 11.1]
    Renderer: NVIDIA GeForce RTX 2060 (ID=0x1f03)
    Vendor:   NVIDIA
    VRAM:     12075 MB
    Driver:   31.0.15.3623
Initialize mono
Mono path[0] = 'C:/Program Files/Unity/Hub/Editor/2021.3.15f1/Editor/Data/Managed'
Mono path[1] = 'C:/Program Files/Unity/Hub/Editor/2021.3.15f1/Editor/Data/MonoBleedingEdge/lib/mono/unityjit-win32'
Mono config path = 'C:/Program Files/Unity/Hub/Editor/2021.3.15f1/Editor/Data/MonoBleedingEdge/etc'
Using monoOptions --debugger-agent=transport=dt_socket,embedding=1,server=y,suspend=n,address=127.0.0.1:56316
Begin MonoManager ReloadAssembly
Registering precompiled unity dll's ...
Register platform support module: C:/Program Files/Unity/Hub/Editor/2021.3.15f1/Editor/Data/PlaybackEngines/WebGLSupport/UnityEditor.WebGL.Extensions.dll
Register platform support module: C:/Program Files/Unity/Hub/Editor/2021.3.15f1/Editor/Data/PlaybackEngines/AndroidPlayer/UnityEditor.Android.Extensions.dll
Register platform support module: C:/Program Files/Unity/Hub/Editor/2021.3.15f1/Editor/Data/PlaybackEngines/WindowsStandaloneSupport/UnityEditor.WindowsStandalone.Extensions.dll
Registered in 0.005631 seconds.
Native extension for WindowsStandalone target not found
Native extension for Android target not found
Native extension for WebGL target not found
Refreshing native plugins compatible for Editor in 68.15 ms, found 3 plugins.
Preloading 0 native plugins for Editor in 0.00 ms.
Mono: successfully reloaded assembly
- Completed reload, in  0.514 seconds
Domain Reload Profiling:
	ReloadAssembly (515ms)
		BeginReloadAssembly (59ms)
			ExecutionOrderSort (0ms)
			DisableScriptedObjects (0ms)
			BackupInstance (0ms)
			ReleaseScriptingObjects (0ms)
			CreateAndSetChildDomain (1ms)
		EndReloadAssembly (368ms)
			LoadAssemblies (58ms)
			RebuildTransferFunctionScriptingTraits (0ms)
			SetupTypeCache (81ms)
			ReleaseScriptCaches (0ms)
			RebuildScriptCaches (22ms)
			SetupLoadedEditorAssemblies (226ms)
				LogAssemblyErrors (0ms)
				InitializePlatformSupportModulesInManaged (50ms)
				SetLoadedEditorAssemblies (0ms)
				RefreshPlugins (68ms)
				BeforeProcessingInitializeOnLoad (1ms)
				ProcessInitializeOnLoadAttributes (73ms)
				ProcessInitializeOnLoadMethodAttributes (33ms)
				AfterProcessingInitializeOnLoad (0ms)
				EditorAssembliesLoaded (0ms)
			ExecutionOrderSort2 (0ms)
			AwakeInstancesAfterBackupRestoration (0ms)
Platform modules already initialized, skipping
Registering precompiled user dll's ...
Registered in 0.004065 seconds.
Begin MonoManager ReloadAssembly
Symbol file LoadedFromMemory doesn't match image C:\Users\Term 1\Desktop\Barbarian_Case\Barbarian_Case\Library\PackageCache\com.unity.visualscripting@1.7.8\Editor\VisualScripting.Core\Dependencies\YamlDotNet\Unity.VisualScripting.YamlDotNet.dll
Symbol file LoadedFromMemory doesn't match image C:\Users\Term 1\Desktop\Barbarian_Case\Barbarian_Case\Library\PackageCache\com.unity.visualscripting@1.7.8\Editor\VisualScripting.Core\Dependencies\DotNetZip\Unity.VisualScripting.IonicZip.dll
Native extension for WindowsStandalone target not found
Native extension for Android target not found
Native extension for WebGL target not found
Refreshing native plugins compatible for Editor in 0.42 ms, found 3 plugins.
Preloading 0 native plugins for Editor in 0.00 ms.
Mono: successfully reloaded assembly
- Completed reload, in  0.914 seconds
Domain Reload Profiling:
	ReloadAssembly (914ms)
		BeginReloadAssembly (185ms)
			ExecutionOrderSort (0ms)
			DisableScriptedObjects (5ms)
			BackupInstance (0ms)
			ReleaseScriptingObjects (0ms)
			CreateAndSetChildDomain (119ms)
		EndReloadAssembly (639ms)
			LoadAssemblies (61ms)
			RebuildTransferFunctionScriptingTraits (0ms)
			SetupTypeCache (219ms)
			ReleaseScriptCaches (0ms)
			RebuildScriptCaches (39ms)
			SetupLoadedEditorAssemblies (289ms)
				LogAssemblyErrors (0ms)
				InitializePlatformSupportModulesInManaged (12ms)
				SetLoadedEditorAssemblies (0ms)
				RefreshPlugins (0ms)
				BeforeProcessingInitializeOnLoad (71ms)
				ProcessInitializeOnLoadAttributes (180ms)
				ProcessInitializeOnLoadMethodAttributes (19ms)
				AfterProcessingInitializeOnLoad (6ms)
				EditorAssembliesLoaded (0ms)
			ExecutionOrderSort2 (0ms)
			AwakeInstancesAfterBackupRestoration (4ms)
Platform modules already initialized, skipping
========================================================================
Worker process is ready to serve import requests
Launched and connected shader compiler UnityShaderCompiler.exe after 0.03 seconds
Refreshing native plugins compatible for Editor in 0.47 ms, found 3 plugins.
Preloading 0 native plugins for Editor in 0.00 ms.
Unloading 3361 Unused Serialized files (Serialized files now loaded: 0)
Unloading 27 unused Assets / (113.7 KB). Loaded Objects now: 3820.
Memory consumption went from 115.7 MB to 115.6 MB.
Total: 2.529800 ms (FindLiveObjects: 0.235500 ms CreateObjectMapping: 0.121600 ms MarkObjects: 2.078200 ms  DeleteObjects: 0.093800 ms)

AssetImportParameters requested are different than current active one (requested -> active):
  custom:video-decoder-ogg-theora: a1e56fd34408186e4bbccfd4996cb3dc -> 
  custom:container-muxer-webm: aa71ff27fc2769a1b78a27578f13a17b -> 
  custom:container-demuxer-webm: 4f35f7cbe854078d1ac9338744f61a02 -> 
  custom:video-encoder-webm-vp8: eb34c28f22e8b96e1ab97ce403110664 -> 
  custom:audio-encoder-webm-vorbis: bf7c407c2cedff20999df2af8eb42d56 -> 
  custom:framework-win-MediaFoundation: 216162199b28c13a410421893ffa2e32 -> 
  custom:container-demuxer-ogg: 62fdf1f143b41e24485cea50d1cbac27 -> 
  custom:video-decoder-webm-vp8: 9c59270c3fd7afecdb556c50c9e8de78 -> 
  custom:audio-decoder-ogg-vorbis: bf7c407c2cedff20999df2af8eb42d56 -> 
========================================================================
Received Import Request.
  Time since last request: 93198.566260 seconds.
  path: Assets/Models/Texture/New Material.mat
  artifactKey: Guid(7406be3c1e4775d48a91cb623ee1f355) Importer(815301076,1909f56bfc062723c751e8b465ee728b)
Start importing Assets/Models/Texture/New Material.mat using Guid(7406be3c1e4775d48a91cb623ee1f355) Importer(815301076,1909f56bfc062723c751e8b465ee728b)  -> (artifact id: 'c3577ebd5ee795260cb1971e96af07f0') in 0.115177 seconds 
========================================================================
Received Import Request.
  Time since last request: 19.795131 seconds.
  path: Assets/Models/Texture/Barbarian_Props_Normal_Texture.png
  artifactKey: Guid(8083377c8e315974d8514bd1282dc89e) Importer(815301076,1909f56bfc062723c751e8b465ee728b)
Start importing Assets/Models/Texture/Barbarian_Props_Normal_Texture.png using Guid(8083377c8e315974d8514bd1282dc89e) Importer(815301076,1909f56bfc062723c751e8b465ee728b)  -> (artifact id: '84666728cef2ce13ccc32e5462d181f8') in 0.040642 seconds 
========================================================================
Received Import Request.
  Time since last request: 40.192838 seconds.
  path: Assets/Models/Texture/New Material 1.mat
  artifactKey: Guid(d6082413c9a87404e8bf047248d80b0a) Importer(815301076,1909f56bfc062723c751e8b465ee728b)
Start importing Assets/Models/Texture/New Material 1.mat using Guid(d6082413c9a87404e8bf047248d80b0a) Importer(815301076,1909f56bfc062723c751e8b465ee728b)  -> (artifact id: '5c2fc3a164c8a00c4ee7fbbcc2e169be') in 0.179782 seconds 
========================================================================
Received Import Request.
  Time since last request: 19.612853 seconds.
  path: Assets/Models/Texture/Barbarian_Normal_Texture.png
  artifactKey: Guid(79544f7e82b442f4ba6269e89cc522fa) Importer(815301076,1909f56bfc062723c751e8b465ee728b)
Start importing Assets/Models/Texture/Barbarian_Normal_Texture.png using Guid(79544f7e82b442f4ba6269e89cc522fa) Importer(815301076,1909f56bfc062723c751e8b465ee728b)  -> (artifact id: '62460a6fa67658d4dfdf369a0b051889') in 0.031607 seconds 
========================================================================
Received Import Request.
  Time since last request: 89.967384 seconds.
  path: Assets/Models/Texture/Barbarian_BaseColar_Mat.mat
  artifactKey: Guid(7406be3c1e4775d48a91cb623ee1f355) Importer(815301076,1909f56bfc062723c751e8b465ee728b)
Start importing Assets/Models/Texture/Barbarian_BaseColar_Mat.mat using Guid(7406be3c1e4775d48a91cb623ee1f355) Importer(815301076,1909f56bfc062723c751e8b465ee728b)  -> (artifact id: '4f25c1b0b1eacd328a3f90890a9340c0') in 0.026860 seconds 
========================================================================
Received Import Request.
  Time since last request: 19.242735 seconds.
  path: Assets/Models/Texture/Props_BaseColar_Mat.mat
  artifactKey: Guid(d6082413c9a87404e8bf047248d80b0a) Importer(815301076,1909f56bfc062723c751e8b465ee728b)
Start importing Assets/Models/Texture/Props_BaseColar_Mat.mat using Guid(d6082413c9a87404e8bf047248d80b0a) Importer(815301076,1909f56bfc062723c751e8b465ee728b)  -> (artifact id: '42c5ac02c912a24bd76905f9c8ce4b57') in 0.017213 seconds 
========================================================================
Received Import Request.
  Time since last request: 212.312022 seconds.
  path: Assets/Models/Texture/Props_BaseColar_Mat 1.mat
  artifactKey: Guid(d72898d08f74f0848b5c7d5763192b97) Importer(815301076,1909f56bfc062723c751e8b465ee728b)
Start importing Assets/Models/Texture/Props_BaseColar_Mat 1.mat using Guid(d72898d08f74f0848b5c7d5763192b97) Importer(815301076,1909f56bfc062723c751e8b465ee728b)  -> (artifact id: 'eeead2c50b23c2b4118b539db1edfba8') in 0.019531 seconds 
========================================================================
Received Import Request.
  Time since last request: 13.250843 seconds.
  path: Assets/Models/Texture/Props_lv5BaseColar_Mat 1.mat
  artifactKey: Guid(d72898d08f74f0848b5c7d5763192b97) Importer(815301076,1909f56bfc062723c751e8b465ee728b)
Start importing Assets/Models/Texture/Props_lv5BaseColar_Mat 1.mat using Guid(d72898d08f74f0848b5c7d5763192b97) Importer(815301076,1909f56bfc062723c751e8b465ee728b)  -> (artifact id: '5d8d4f212cea991ee3b18691ec74a481') in 0.018885 seconds 
========================================================================
Received Import Request.
  Time since last request: 35.216366 seconds.
  path: Assets/Models/Texture/Props_BaseColar_Mat 1.mat
  artifactKey: Guid(ab1349a4987be854e84c2ed5a1d6541c) Importer(815301076,1909f56bfc062723c751e8b465ee728b)
Start importing Assets/Models/Texture/Props_BaseColar_Mat 1.mat using Guid(ab1349a4987be854e84c2ed5a1d6541c) Importer(815301076,1909f56bfc062723c751e8b465ee728b)  -> (artifact id: 'fe4db5e1aa70a6a5cbe22875a9028543') in 0.017546 seconds 
========================================================================
Received Import Request.
  Time since last request: 13.049571 seconds.
  path: Assets/Models/Texture/Props_lv6BaseColar_Mat 1.mat
  artifactKey: Guid(ab1349a4987be854e84c2ed5a1d6541c) Importer(815301076,1909f56bfc062723c751e8b465ee728b)
Start importing Assets/Models/Texture/Props_lv6BaseColar_Mat 1.mat using Guid(ab1349a4987be854e84c2ed5a1d6541c) Importer(815301076,1909f56bfc062723c751e8b465ee728b)  -> (artifact id: 'c4b21f94cdcf2056e3b56d1f27eaba28') in 0.017199 seconds 
========================================================================
Received Import Request.
  Time since last request: 32.096000 seconds.
  path: Assets/Models/Texture/Barbarian_BaseColar_Mat 1.mat
  artifactKey: Guid(6d76aa583b638e742bb08ac810ab2268) Importer(815301076,1909f56bfc062723c751e8b465ee728b)
Start importing Assets/Models/Texture/Barbarian_BaseColar_Mat 1.mat using Guid(6d76aa583b638e742bb08ac810ab2268) Importer(815301076,1909f56bfc062723c751e8b465ee728b)  -> (artifact id: 'fe5bce70d43e38c53a7402270bf10615') in 0.025695 seconds 
========================================================================
Received Import Request.
  Time since last request: 16.761006 seconds.
  path: Assets/Models/Texture/Barbarian_lv6BaseColar_Mat.mat
  artifactKey: Guid(7406be3c1e4775d48a91cb623ee1f355) Importer(815301076,1909f56bfc062723c751e8b465ee728b)
Start importing Assets/Models/Texture/Barbarian_lv6BaseColar_Mat.mat using Guid(7406be3c1e4775d48a91cb623ee1f355) Importer(815301076,1909f56bfc062723c751e8b465ee728b)  -> (artifact id: '7255aa81c1e5a1747bdfedfee81a2168') in 0.019652 seconds 
========================================================================
Received Import Request.
  Time since last request: 34.071675 seconds.
  path: Assets/Models/Texture/Barbarian_lv6BaseColar_Mat.mat
  artifactKey: Guid(7406be3c1e4775d48a91cb623ee1f355) Importer(815301076,1909f56bfc062723c751e8b465ee728b)
Start importing Assets/Models/Texture/Barbarian_lv6BaseColar_Mat.mat using Guid(7406be3c1e4775d48a91cb623ee1f355) Importer(815301076,1909f56bfc062723c751e8b465ee728b)  -> (artifact id: 'cf0c8107634b79c537a14e67a93c15e3') in 0.019337 seconds 
